<?xml version="1.0" encoding="UTF-8"?>
<!-- Generated by org.testng.reporters.JUnitReportReporter -->
<testsuite hostname="DESKTOP-CCNM418" failures="0" tests="1" name="demo.SampleTesst" time="28.951" errors="0" timestamp="24 May 2025 23:37:39 GMT">
  <testcase classname="demo.SampleTesst" name="test1" time="28.951"/>
</testsuite> <!-- demo.SampleTesst -->
