<?xml version="1.0" encoding="UTF-8"?>
<!-- Generated by org.testng.reporters.JUnitReportReporter -->
<testsuite hostname="DESKTOP-CCNM418" failures="0" tests="1" name="testng1.Checkboxhandling" time="58.119" errors="0" timestamp="2 Jun 2025 13:00:24 GMT">
  <testcase classname="testng1.Checkboxhandling" name="testCheckboxRadiobutton" time="58.119"/>
</testsuite> <!-- testng1.Checkboxhandling -->
