<?xml version="1.0" encoding="UTF-8"?>
<!-- Generated by org.testng.reporters.JUnitReportReporter -->
<testsuite hostname="DESKTOP-CCNM418" failures="0" tests="2" name="testng1.OrangeHRMLogin" time="42.640" errors="0" timestamp="1 Jun 2025 15:12:38 GMT">
  <testcase classname="testng1.OrangeHRMLogin" name="validatelogo" time="21.710"/>
  <testcase classname="testng1.OrangeHRMLogin" name="login" time="20.930"/>
</testsuite> <!-- testng1.OrangeHRMLogin -->
